{"/Users/ahmedshaarawy/Desktop/ReactNative_Apps/currency_exchange_rate/src/App.js": {"path":"/Users/ahmedshaarawy/Desktop/ReactNative_Apps/currency_exchange_rate/src/App.js","statementMap":{"0":{"start":{"line":4,"column":12},"end":{"line":6,"column":1}},"1":{"start":{"line":5,"column":2},"end":{"line":5,"column":24}}},"fnMap":{"0":{"name":"(anonymous_0)","decl":{"start":{"line":4,"column":12},"end":{"line":4,"column":13}},"loc":{"start":{"line":4,"column":18},"end":{"line":6,"column":1}},"line":4}},"branchMap":{},"s":{"0":1,"1":1},"f":{"0":1},"b":{},"_coverageSchema":"1a1c01bbd47fc00a2c39e90264f33305004495a9","hash":"d6e9b92b8d115159b267f8e2fc24a2fb8e34ff99"}
,"/Users/ahmedshaarawy/Desktop/ReactNative_Apps/currency_exchange_rate/src/axiosInstance/index.js": {"path":"/Users/ahmedshaarawy/Desktop/ReactNative_Apps/currency_exchange_rate/src/axiosInstance/index.js","statementMap":{},"fnMap":{},"branchMap":{},"s":{},"f":{},"b":{},"_coverageSchema":"1a1c01bbd47fc00a2c39e90264f33305004495a9","hash":"14a181028c6b06068a3087ad2d1735b991a94f52"}
,"/Users/ahmedshaarawy/Desktop/ReactNative_Apps/currency_exchange_rate/src/components/confirmationPopup/index.js": {"path":"/Users/ahmedshaarawy/Desktop/ReactNative_Apps/currency_exchange_rate/src/components/confirmationPopup/index.js","statementMap":{"0":{"start":{"line":7,"column":16},"end":{"line":58,"column":1}},"1":{"start":{"line":16,"column":24},"end":{"line":20,"column":5}},"2":{"start":{"line":21,"column":4},"end":{"line":56,"column":6}},"3":{"start":{"line":60,"column":15},"end":{"line":92,"column":2}}},"fnMap":{"0":{"name":"(anonymous_0)","decl":{"start":{"line":8,"column":2},"end":{"line":8,"column":3}},"loc":{"start":{"line":15,"column":8},"end":{"line":57,"column":3}},"line":15}},"branchMap":{"0":{"loc":{"start":{"line":11,"column":4},"end":{"line":11,"column":34}},"type":"default-arg","locations":[{"start":{"line":11,"column":25},"end":{"line":11,"column":34}}],"line":11},"1":{"loc":{"start":{"line":12,"column":4},"end":{"line":12,"column":31}},"type":"default-arg","locations":[{"start":{"line":12,"column":25},"end":{"line":12,"column":31}}],"line":12}},"s":{"0":3,"1":6,"2":6,"3":3},"f":{"0":6},"b":{"0":[6],"1":[6]},"_coverageSchema":"1a1c01bbd47fc00a2c39e90264f33305004495a9","hash":"018e48f4597ec1e9806f5593b9bf839b54d26020"}
,"/Users/ahmedshaarawy/Desktop/ReactNative_Apps/currency_exchange_rate/src/components/loading/index.js": {"path":"/Users/ahmedshaarawy/Desktop/ReactNative_Apps/currency_exchange_rate/src/components/loading/index.js","statementMap":{"0":{"start":{"line":6,"column":16},"end":{"line":19,"column":2}},"1":{"start":{"line":7,"column":2},"end":{"line":18,"column":4}}},"fnMap":{"0":{"name":"(anonymous_0)","decl":{"start":{"line":6,"column":21},"end":{"line":6,"column":22}},"loc":{"start":{"line":6,"column":38},"end":{"line":19,"column":1}},"line":6}},"branchMap":{},"s":{"0":3,"1":6},"f":{"0":6},"b":{},"_coverageSchema":"1a1c01bbd47fc00a2c39e90264f33305004495a9","hash":"86eb1da7cc004bb16c27825dcd9ec0a000170bcb"}
,"/Users/ahmedshaarawy/Desktop/ReactNative_Apps/currency_exchange_rate/src/config/index.js": {"path":"/Users/ahmedshaarawy/Desktop/ReactNative_Apps/currency_exchange_rate/src/config/index.js","statementMap":{},"fnMap":{},"branchMap":{},"s":{},"f":{},"b":{},"_coverageSchema":"1a1c01bbd47fc00a2c39e90264f33305004495a9","hash":"a725124c90e4cca6e88b53f8127da4880c252767"}
,"/Users/ahmedshaarawy/Desktop/ReactNative_Apps/currency_exchange_rate/src/config/lists.js": {"path":"/Users/ahmedshaarawy/Desktop/ReactNative_Apps/currency_exchange_rate/src/config/lists.js","statementMap":{"0":{"start":{"line":3,"column":14},"end":{"line":32,"column":1}}},"fnMap":{},"branchMap":{},"s":{"0":3},"f":{},"b":{},"_coverageSchema":"1a1c01bbd47fc00a2c39e90264f33305004495a9","hash":"2faff5cd31aa80e94fd809d93299a98eaf243dc2"}
,"/Users/ahmedshaarawy/Desktop/ReactNative_Apps/currency_exchange_rate/src/navigation/index.js": {"path":"/Users/ahmedshaarawy/Desktop/ReactNative_Apps/currency_exchange_rate/src/navigation/index.js","statementMap":{"0":{"start":{"line":7,"column":14},"end":{"line":7,"column":42}},"1":{"start":{"line":10,"column":2},"end":{"line":19,"column":24}}},"fnMap":{"0":{"name":"(anonymous_0)","decl":{"start":{"line":9,"column":15},"end":{"line":9,"column":16}},"loc":{"start":{"line":10,"column":2},"end":{"line":19,"column":24}},"line":10}},"branchMap":{},"s":{"0":2,"1":1},"f":{"0":1},"b":{},"_coverageSchema":"1a1c01bbd47fc00a2c39e90264f33305004495a9","hash":"6fcfbd498dc3bc8856e8e48afd1a92061c80da4b"}
,"/Users/ahmedshaarawy/Desktop/ReactNative_Apps/currency_exchange_rate/src/screens/currencyExchangeRate/dropdown.js": {"path":"/Users/ahmedshaarawy/Desktop/ReactNative_Apps/currency_exchange_rate/src/screens/currencyExchangeRate/dropdown.js","statementMap":{"0":{"start":{"line":6,"column":17},"end":{"line":43,"column":1}},"1":{"start":{"line":17,"column":26},"end":{"line":17,"column":41}},"2":{"start":{"line":18,"column":29},"end":{"line":18,"column":55}},"3":{"start":{"line":19,"column":22},"end":{"line":19,"column":70}},"4":{"start":{"line":21,"column":2},"end":{"line":42,"column":4}},"5":{"start":{"line":47,"column":15},"end":{"line":57,"column":2}}},"fnMap":{"0":{"name":"(anonymous_0)","decl":{"start":{"line":6,"column":17},"end":{"line":6,"column":18}},"loc":{"start":{"line":16,"column":6},"end":{"line":43,"column":1}},"line":16}},"branchMap":{"0":{"loc":{"start":{"line":7,"column":2},"end":{"line":7,"column":11}},"type":"default-arg","locations":[{"start":{"line":7,"column":9},"end":{"line":7,"column":11}}],"line":7},"1":{"loc":{"start":{"line":8,"column":2},"end":{"line":8,"column":19}},"type":"default-arg","locations":[{"start":{"line":8,"column":15},"end":{"line":8,"column":19}}],"line":8}},"s":{"0":3,"1":21,"2":21,"3":21,"4":21,"5":3},"f":{"0":21},"b":{"0":[14],"1":[14]},"_coverageSchema":"1a1c01bbd47fc00a2c39e90264f33305004495a9","hash":"e6638f1ebae21a4cfc61fcee7f7fc33cf3e335f4"}
,"/Users/ahmedshaarawy/Desktop/ReactNative_Apps/currency_exchange_rate/src/screens/currencyExchangeRate/index.js": {"path":"/Users/ahmedshaarawy/Desktop/ReactNative_Apps/currency_exchange_rate/src/screens/currencyExchangeRate/index.js","statementMap":{"0":{"start":{"line":11,"column":29},"end":{"line":119,"column":1}},"1":{"start":{"line":12,"column":23},"end":{"line":12,"column":28}},"2":{"start":{"line":13,"column":20},"end":{"line":13,"column":25}},"3":{"start":{"line":14,"column":38},"end":{"line":14,"column":50}},"4":{"start":{"line":15,"column":36},"end":{"line":15,"column":50}},"5":{"start":{"line":16,"column":36},"end":{"line":16,"column":50}},"6":{"start":{"line":17,"column":26},"end":{"line":17,"column":50}},"7":{"start":{"line":18,"column":58},"end":{"line":18,"column":70}},"8":{"start":{"line":20,"column":4},"end":{"line":20,"column":19}},"9":{"start":{"line":21,"column":2},"end":{"line":30,"column":9}},"10":{"start":{"line":22,"column":26},"end":{"line":28,"column":5}},"11":{"start":{"line":23,"column":6},"end":{"line":27,"column":16}},"12":{"start":{"line":24,"column":31},"end":{"line":24,"column":61}},"13":{"start":{"line":26,"column":8},"end":{"line":26,"column":38}},"14":{"start":{"line":29,"column":4},"end":{"line":29,"column":20}},"15":{"start":{"line":32,"column":2},"end":{"line":59,"column":35}},"16":{"start":{"line":33,"column":34},"end":{"line":51,"column":5}},"17":{"start":{"line":34,"column":6},"end":{"line":50,"column":7}},"18":{"start":{"line":35,"column":8},"end":{"line":35,"column":45}},"19":{"start":{"line":36,"column":31},"end":{"line":40,"column":9}},"20":{"start":{"line":41,"column":8},"end":{"line":41,"column":48}},"21":{"start":{"line":43,"column":24},"end":{"line":43,"column":38}},"22":{"start":{"line":44,"column":8},"end":{"line":46,"column":9}},"23":{"start":{"line":45,"column":10},"end":{"line":45,"column":25}},"24":{"start":{"line":47,"column":8},"end":{"line":47,"column":36}},"25":{"start":{"line":49,"column":8},"end":{"line":49,"column":46}},"26":{"start":{"line":52,"column":34},"end":{"line":52,"column":56}},"27":{"start":{"line":53,"column":4},"end":{"line":58,"column":5}},"28":{"start":{"line":54,"column":6},"end":{"line":54,"column":50}},"29":{"start":{"line":55,"column":6},"end":{"line":55,"column":34}},"30":{"start":{"line":56,"column":11},"end":{"line":58,"column":5}},"31":{"start":{"line":57,"column":6},"end":{"line":57,"column":30}},"32":{"start":{"line":61,"column":26},"end":{"line":77,"column":3}},"33":{"start":{"line":62,"column":4},"end":{"line":76,"column":11}},"34":{"start":{"line":78,"column":29},"end":{"line":90,"column":3}},"35":{"start":{"line":79,"column":4},"end":{"line":89,"column":11}},"36":{"start":{"line":91,"column":22},"end":{"line":105,"column":3}},"37":{"start":{"line":92,"column":4},"end":{"line":104,"column":11}},"38":{"start":{"line":107,"column":2},"end":{"line":118,"column":4}},"39":{"start":{"line":123,"column":15},"end":{"line":170,"column":2}}},"fnMap":{"0":{"name":"(anonymous_0)","decl":{"start":{"line":11,"column":29},"end":{"line":11,"column":30}},"loc":{"start":{"line":11,"column":35},"end":{"line":119,"column":1}},"line":11},"1":{"name":"(anonymous_1)","decl":{"start":{"line":21,"column":12},"end":{"line":21,"column":13}},"loc":{"start":{"line":21,"column":18},"end":{"line":30,"column":3}},"line":21},"2":{"name":"(anonymous_2)","decl":{"start":{"line":22,"column":26},"end":{"line":22,"column":27}},"loc":{"start":{"line":22,"column":38},"end":{"line":28,"column":5}},"line":22},"3":{"name":"(anonymous_3)","decl":{"start":{"line":32,"column":12},"end":{"line":32,"column":13}},"loc":{"start":{"line":32,"column":18},"end":{"line":59,"column":3}},"line":32},"4":{"name":"(anonymous_4)","decl":{"start":{"line":33,"column":34},"end":{"line":33,"column":35}},"loc":{"start":{"line":33,"column":46},"end":{"line":51,"column":5}},"line":33},"5":{"name":"(anonymous_5)","decl":{"start":{"line":61,"column":26},"end":{"line":61,"column":27}},"loc":{"start":{"line":62,"column":4},"end":{"line":76,"column":11}},"line":62},"6":{"name":"(anonymous_6)","decl":{"start":{"line":78,"column":29},"end":{"line":78,"column":30}},"loc":{"start":{"line":79,"column":4},"end":{"line":89,"column":11}},"line":79},"7":{"name":"(anonymous_7)","decl":{"start":{"line":91,"column":22},"end":{"line":91,"column":23}},"loc":{"start":{"line":92,"column":4},"end":{"line":104,"column":11}},"line":92}},"branchMap":{"0":{"loc":{"start":{"line":44,"column":8},"end":{"line":46,"column":9}},"type":"if","locations":[{"start":{"line":44,"column":8},"end":{"line":46,"column":9}},{"start":{},"end":{}}],"line":44},"1":{"loc":{"start":{"line":52,"column":34},"end":{"line":52,"column":56}},"type":"binary-expr","locations":[{"start":{"line":52,"column":34},"end":{"line":52,"column":43}},{"start":{"line":52,"column":47},"end":{"line":52,"column":56}}],"line":52},"2":{"loc":{"start":{"line":53,"column":4},"end":{"line":58,"column":5}},"type":"if","locations":[{"start":{"line":53,"column":4},"end":{"line":58,"column":5}},{"start":{"line":56,"column":11},"end":{"line":58,"column":5}}],"line":53},"3":{"loc":{"start":{"line":53,"column":8},"end":{"line":53,"column":56}},"type":"binary-expr","locations":[{"start":{"line":53,"column":8},"end":{"line":53,"column":29}},{"start":{"line":53,"column":33},"end":{"line":53,"column":56}}],"line":53},"4":{"loc":{"start":{"line":56,"column":11},"end":{"line":58,"column":5}},"type":"if","locations":[{"start":{"line":56,"column":11},"end":{"line":58,"column":5}},{"start":{},"end":{}}],"line":56},"5":{"loc":{"start":{"line":95,"column":9},"end":{"line":95,"column":61}},"type":"binary-expr","locations":[{"start":{"line":95,"column":9},"end":{"line":95,"column":36}},{"start":{"line":95,"column":40},"end":{"line":95,"column":61}}],"line":95}},"s":{"0":3,"1":8,"2":8,"3":8,"4":7,"5":7,"6":7,"7":7,"8":7,"9":7,"10":7,"11":7,"12":7,"13":3,"14":7,"15":7,"16":7,"17":3,"18":3,"19":3,"20":2,"21":1,"22":1,"23":1,"24":1,"25":3,"26":7,"27":7,"28":1,"29":1,"30":6,"31":3,"32":7,"33":7,"34":7,"35":7,"36":7,"37":7,"38":7,"39":3},"f":{"0":8,"1":7,"2":7,"3":7,"4":3,"5":7,"6":7,"7":7},"b":{"0":[1,0],"1":[7,4],"2":[1,6],"3":[7,4],"4":[3,3],"5":[7,1]},"_coverageSchema":"1a1c01bbd47fc00a2c39e90264f33305004495a9","hash":"f8f50597d3576124e3fcc7e8b98c9f6b8f088cad"}
,"/Users/ahmedshaarawy/Desktop/ReactNative_Apps/currency_exchange_rate/src/screens/home/index.js": {"path":"/Users/ahmedshaarawy/Desktop/ReactNative_Apps/currency_exchange_rate/src/screens/home/index.js","statementMap":{"0":{"start":{"line":19,"column":13},"end":{"line":108,"column":1}},"1":{"start":{"line":20,"column":23},"end":{"line":20,"column":28}},"2":{"start":{"line":21,"column":25},"end":{"line":21,"column":30}},"3":{"start":{"line":22,"column":54},"end":{"line":22,"column":69}},"4":{"start":{"line":23,"column":34},"end":{"line":23,"column":46}},"5":{"start":{"line":25,"column":4},"end":{"line":25,"column":18}},"6":{"start":{"line":27,"column":2},"end":{"line":29,"column":9}},"7":{"start":{"line":28,"column":4},"end":{"line":28,"column":30}},"8":{"start":{"line":31,"column":29},"end":{"line":45,"column":3}},"9":{"start":{"line":32,"column":4},"end":{"line":32,"column":32}},"10":{"start":{"line":33,"column":4},"end":{"line":44,"column":6}},"11":{"start":{"line":35,"column":40},"end":{"line":35,"column":60}},"12":{"start":{"line":36,"column":28},"end":{"line":36,"column":75}},"13":{"start":{"line":37,"column":8},"end":{"line":37,"column":42}},"14":{"start":{"line":38,"column":8},"end":{"line":38,"column":37}},"15":{"start":{"line":41,"column":8},"end":{"line":41,"column":37}},"16":{"start":{"line":47,"column":34},"end":{"line":71,"column":3}},"17":{"start":{"line":48,"column":4},"end":{"line":70,"column":5}},"18":{"start":{"line":49,"column":37},"end":{"line":49,"column":78}},"19":{"start":{"line":51,"column":8},"end":{"line":51,"column":49}},"20":{"start":{"line":53,"column":22},"end":{"line":56,"column":8}},"21":{"start":{"line":57,"column":6},"end":{"line":62,"column":7}},"22":{"start":{"line":61,"column":8},"end":{"line":61,"column":29}},"23":{"start":{"line":64,"column":21},"end":{"line":64,"column":69}},"24":{"start":{"line":65,"column":6},"end":{"line":69,"column":7}},"25":{"start":{"line":66,"column":8},"end":{"line":66,"column":29}},"26":{"start":{"line":68,"column":8},"end":{"line":68,"column":41}},"27":{"start":{"line":73,"column":34},"end":{"line":74,"column":47}},"28":{"start":{"line":74,"column":4},"end":{"line":74,"column":47}},"29":{"start":{"line":76,"column":45},"end":{"line":77,"column":41}},"30":{"start":{"line":77,"column":4},"end":{"line":77,"column":41}},"31":{"start":{"line":79,"column":42},"end":{"line":80,"column":41}},"32":{"start":{"line":80,"column":4},"end":{"line":80,"column":41}},"33":{"start":{"line":82,"column":2},"end":{"line":107,"column":4}},"34":{"start":{"line":112,"column":15},"end":{"line":137,"column":2}}},"fnMap":{"0":{"name":"(anonymous_0)","decl":{"start":{"line":19,"column":13},"end":{"line":19,"column":14}},"loc":{"start":{"line":19,"column":24},"end":{"line":108,"column":1}},"line":19},"1":{"name":"(anonymous_1)","decl":{"start":{"line":27,"column":12},"end":{"line":27,"column":13}},"loc":{"start":{"line":27,"column":18},"end":{"line":29,"column":3}},"line":27},"2":{"name":"(anonymous_2)","decl":{"start":{"line":31,"column":29},"end":{"line":31,"column":30}},"loc":{"start":{"line":31,"column":35},"end":{"line":45,"column":3}},"line":31},"3":{"name":"(anonymous_3)","decl":{"start":{"line":34,"column":6},"end":{"line":34,"column":7}},"loc":{"start":{"line":34,"column":31},"end":{"line":39,"column":7}},"line":34},"4":{"name":"(anonymous_4)","decl":{"start":{"line":40,"column":6},"end":{"line":40,"column":7}},"loc":{"start":{"line":40,"column":12},"end":{"line":42,"column":7}},"line":40},"5":{"name":"(anonymous_5)","decl":{"start":{"line":47,"column":34},"end":{"line":47,"column":35}},"loc":{"start":{"line":47,"column":46},"end":{"line":71,"column":3}},"line":47},"6":{"name":"(anonymous_6)","decl":{"start":{"line":73,"column":34},"end":{"line":73,"column":35}},"loc":{"start":{"line":74,"column":4},"end":{"line":74,"column":47}},"line":74},"7":{"name":"(anonymous_7)","decl":{"start":{"line":76,"column":45},"end":{"line":76,"column":46}},"loc":{"start":{"line":77,"column":4},"end":{"line":77,"column":41}},"line":77},"8":{"name":"(anonymous_8)","decl":{"start":{"line":79,"column":42},"end":{"line":79,"column":43}},"loc":{"start":{"line":80,"column":4},"end":{"line":80,"column":41}},"line":80}},"branchMap":{"0":{"loc":{"start":{"line":48,"column":4},"end":{"line":70,"column":5}},"type":"if","locations":[{"start":{"line":48,"column":4},"end":{"line":70,"column":5}},{"start":{"line":63,"column":11},"end":{"line":70,"column":5}}],"line":48},"1":{"loc":{"start":{"line":57,"column":6},"end":{"line":62,"column":7}},"type":"if","locations":[{"start":{"line":57,"column":6},"end":{"line":62,"column":7}},{"start":{},"end":{}}],"line":57},"2":{"loc":{"start":{"line":58,"column":8},"end":{"line":59,"column":55}},"type":"binary-expr","locations":[{"start":{"line":58,"column":8},"end":{"line":58,"column":53}},{"start":{"line":59,"column":8},"end":{"line":59,"column":55}}],"line":58},"3":{"loc":{"start":{"line":65,"column":6},"end":{"line":69,"column":7}},"type":"if","locations":[{"start":{"line":65,"column":6},"end":{"line":69,"column":7}},{"start":{"line":67,"column":13},"end":{"line":69,"column":7}}],"line":65}},"s":{"0":3,"1":9,"2":9,"3":8,"4":8,"5":8,"6":8,"7":6,"8":8,"9":4,"10":4,"11":3,"12":3,"13":2,"14":2,"15":1,"16":8,"17":6,"18":3,"19":3,"20":3,"21":3,"22":3,"23":3,"24":2,"25":1,"26":1,"27":8,"28":1,"29":8,"30":1,"31":8,"32":1,"33":8,"34":3},"f":{"0":9,"1":6,"2":4,"3":3,"4":1,"5":6,"6":1,"7":1,"8":1},"b":{"0":[3,3],"1":[3,0],"2":[3,3],"3":[1,1]},"_coverageSchema":"1a1c01bbd47fc00a2c39e90264f33305004495a9","hash":"cfd8625526078f3570aec483f208e680f23b9a09"}
,"/Users/ahmedshaarawy/Desktop/ReactNative_Apps/currency_exchange_rate/src/services/index.js": {"path":"/Users/ahmedshaarawy/Desktop/ReactNative_Apps/currency_exchange_rate/src/services/index.js","statementMap":{"0":{"start":{"line":5,"column":22},"end":{"line":16,"column":1}},"1":{"start":{"line":6,"column":2},"end":{"line":15,"column":3}},"2":{"start":{"line":7,"column":21},"end":{"line":7,"column":58}},"3":{"start":{"line":8,"column":23},"end":{"line":8,"column":40}},"4":{"start":{"line":9,"column":32},"end":{"line":11,"column":6}},"5":{"start":{"line":10,"column":6},"end":{"line":10,"column":50}},"6":{"start":{"line":12,"column":4},"end":{"line":12,"column":31}},"7":{"start":{"line":14,"column":4},"end":{"line":14,"column":27}},"8":{"start":{"line":18,"column":30},"end":{"line":41,"column":1}},"9":{"start":{"line":19,"column":2},"end":{"line":40,"column":3}},"10":{"start":{"line":20,"column":21},"end":{"line":22,"column":5}},"11":{"start":{"line":23,"column":18},"end":{"line":23,"column":44}},"12":{"start":{"line":24,"column":15},"end":{"line":24,"column":20}},"13":{"start":{"line":26,"column":4},"end":{"line":28,"column":5}},"14":{"start":{"line":27,"column":6},"end":{"line":27,"column":18}},"15":{"start":{"line":29,"column":26},"end":{"line":35,"column":6}},"16":{"start":{"line":30,"column":28},"end":{"line":30,"column":70}},"17":{"start":{"line":31,"column":6},"end":{"line":34,"column":8}},"18":{"start":{"line":37,"column":4},"end":{"line":37,"column":25}},"19":{"start":{"line":39,"column":4},"end":{"line":39,"column":27}},"20":{"start":{"line":43,"column":20},"end":{"line":52,"column":1}},"21":{"start":{"line":44,"column":2},"end":{"line":51,"column":3}},"22":{"start":{"line":45,"column":21},"end":{"line":47,"column":5}},"23":{"start":{"line":48,"column":4},"end":{"line":48,"column":24}},"24":{"start":{"line":50,"column":4},"end":{"line":50,"column":27}}},"fnMap":{"0":{"name":"(anonymous_0)","decl":{"start":{"line":5,"column":22},"end":{"line":5,"column":23}},"loc":{"start":{"line":5,"column":34},"end":{"line":16,"column":1}},"line":5},"1":{"name":"(anonymous_1)","decl":{"start":{"line":9,"column":47},"end":{"line":9,"column":48}},"loc":{"start":{"line":9,"column":61},"end":{"line":11,"column":5}},"line":9},"2":{"name":"(anonymous_2)","decl":{"start":{"line":18,"column":30},"end":{"line":18,"column":31}},"loc":{"start":{"line":18,"column":68},"end":{"line":41,"column":1}},"line":18},"3":{"name":"(anonymous_3)","decl":{"start":{"line":29,"column":36},"end":{"line":29,"column":37}},"loc":{"start":{"line":29,"column":63},"end":{"line":35,"column":5}},"line":29},"4":{"name":"(anonymous_4)","decl":{"start":{"line":43,"column":20},"end":{"line":43,"column":21}},"loc":{"start":{"line":43,"column":40},"end":{"line":52,"column":1}},"line":43}},"branchMap":{"0":{"loc":{"start":{"line":26,"column":4},"end":{"line":28,"column":5}},"type":"if","locations":[{"start":{"line":26,"column":4},"end":{"line":28,"column":5}},{"start":{},"end":{}}],"line":26},"1":{"loc":{"start":{"line":30,"column":47},"end":{"line":30,"column":69}},"type":"cond-expr","locations":[{"start":{"line":30,"column":54},"end":{"line":30,"column":58}},{"start":{"line":30,"column":61},"end":{"line":30,"column":69}}],"line":30},"2":{"loc":{"start":{"line":33,"column":15},"end":{"line":33,"column":54}},"type":"cond-expr","locations":[{"start":{"line":33,"column":22},"end":{"line":33,"column":31}},{"start":{"line":33,"column":34},"end":{"line":33,"column":54}}],"line":33}},"s":{"0":4,"1":7,"2":7,"3":3,"4":3,"5":3,"6":3,"7":2,"8":4,"9":3,"10":3,"11":2,"12":2,"13":2,"14":1,"15":2,"16":3,"17":3,"18":2,"19":1,"20":4,"21":3,"22":3,"23":2,"24":1},"f":{"0":7,"1":3,"2":3,"3":3,"4":3},"b":{"0":[1,1],"1":[1,2],"2":[1,2]},"_coverageSchema":"1a1c01bbd47fc00a2c39e90264f33305004495a9","hash":"1f382ceb68c406fd7ce3664af4c8f9702a362bc3"}
,"/Users/ahmedshaarawy/Desktop/ReactNative_Apps/currency_exchange_rate/src/theme/colors.js": {"path":"/Users/ahmedshaarawy/Desktop/ReactNative_Apps/currency_exchange_rate/src/theme/colors.js","statementMap":{},"fnMap":{},"branchMap":{},"s":{},"f":{},"b":{},"_coverageSchema":"1a1c01bbd47fc00a2c39e90264f33305004495a9","hash":"5a103a75d6adeeda817169e79da6b77d3daacc33"}
,"/Users/ahmedshaarawy/Desktop/ReactNative_Apps/currency_exchange_rate/src/theme/commonStyles.js": {"path":"/Users/ahmedshaarawy/Desktop/ReactNative_Apps/currency_exchange_rate/src/theme/commonStyles.js","statementMap":{},"fnMap":{},"branchMap":{},"s":{},"f":{},"b":{},"_coverageSchema":"1a1c01bbd47fc00a2c39e90264f33305004495a9","hash":"df566be624ad07872ca826421796e8321a903d70"}
,"/Users/ahmedshaarawy/Desktop/ReactNative_Apps/currency_exchange_rate/src/theme/index.js": {"path":"/Users/ahmedshaarawy/Desktop/ReactNative_Apps/currency_exchange_rate/src/theme/index.js","statementMap":{},"fnMap":{},"branchMap":{},"s":{},"f":{},"b":{},"_coverageSchema":"1a1c01bbd47fc00a2c39e90264f33305004495a9","hash":"d420d9a9569b393853befcb1ba23bc9df9c0e9d3"}
,"/Users/ahmedshaarawy/Desktop/ReactNative_Apps/currency_exchange_rate/src/utils/index.js": {"path":"/Users/ahmedshaarawy/Desktop/ReactNative_Apps/currency_exchange_rate/src/utils/index.js","statementMap":{"0":{"start":{"line":3,"column":19},"end":{"line":3,"column":62}},"1":{"start":{"line":3,"column":29},"end":{"line":3,"column":62}},"2":{"start":{"line":4,"column":27},"end":{"line":4,"column":67}},"3":{"start":{"line":4,"column":37},"end":{"line":4,"column":67}},"4":{"start":{"line":5,"column":21},"end":{"line":6,"column":48}},"5":{"start":{"line":6,"column":2},"end":{"line":6,"column":48}}},"fnMap":{"0":{"name":"(anonymous_0)","decl":{"start":{"line":3,"column":19},"end":{"line":3,"column":20}},"loc":{"start":{"line":3,"column":29},"end":{"line":3,"column":62}},"line":3},"1":{"name":"(anonymous_1)","decl":{"start":{"line":4,"column":27},"end":{"line":4,"column":28}},"loc":{"start":{"line":4,"column":37},"end":{"line":4,"column":67}},"line":4},"2":{"name":"(anonymous_2)","decl":{"start":{"line":5,"column":21},"end":{"line":5,"column":22}},"loc":{"start":{"line":6,"column":2},"end":{"line":6,"column":48}},"line":6}},"branchMap":{},"s":{"0":4,"1":39,"2":4,"3":6,"4":4,"5":12},"f":{"0":39,"1":6,"2":12},"b":{},"_coverageSchema":"1a1c01bbd47fc00a2c39e90264f33305004495a9","hash":"91af740a55811c51728881bce0525b1b110b67e6"}
}
