TN:
SF:src/App.js
FN:4,(anonymous_0)
FNF:1
FNH:1
FNDA:1,(anonymous_0)
DA:4,1
DA:5,1
LF:2
LH:2
BRF:0
BRH:0
end_of_record
TN:
SF:src/axiosInstance/index.js
FNF:0
FNH:0
LF:0
LH:0
BRF:0
BRH:0
end_of_record
TN:
SF:src/components/confirmationPopup/index.js
FN:8,(anonymous_0)
FNF:1
FNH:1
FNDA:6,(anonymous_0)
DA:7,3
DA:16,6
DA:21,6
DA:60,3
LF:4
LH:4
BRDA:11,0,0,6
BRDA:12,1,0,6
BRF:2
BRH:2
end_of_record
TN:
SF:src/components/loading/index.js
FN:6,(anonymous_0)
FNF:1
FNH:1
FNDA:6,(anonymous_0)
DA:6,3
DA:7,6
LF:2
LH:2
BRF:0
BRH:0
end_of_record
TN:
SF:src/config/index.js
FNF:0
FNH:0
LF:0
LH:0
BRF:0
BRH:0
end_of_record
TN:
SF:src/config/lists.js
FNF:0
FNH:0
DA:3,3
LF:1
LH:1
BRF:0
BRH:0
end_of_record
TN:
SF:src/navigation/index.js
FN:9,(anonymous_0)
FNF:1
FNH:1
FNDA:1,(anonymous_0)
DA:7,2
DA:10,1
LF:2
LH:2
BRF:0
BRH:0
end_of_record
TN:
SF:src/screens/currencyExchangeRate/dropdown.js
FN:6,(anonymous_0)
FNF:1
FNH:1
FNDA:21,(anonymous_0)
DA:6,3
DA:17,21
DA:18,21
DA:19,21
DA:21,21
DA:47,3
LF:6
LH:6
BRDA:7,0,0,14
BRDA:8,1,0,14
BRF:2
BRH:2
end_of_record
TN:
SF:src/screens/currencyExchangeRate/index.js
FN:11,(anonymous_0)
FN:21,(anonymous_1)
FN:22,(anonymous_2)
FN:32,(anonymous_3)
FN:33,(anonymous_4)
FN:61,(anonymous_5)
FN:78,(anonymous_6)
FN:91,(anonymous_7)
FNF:8
FNH:8
FNDA:8,(anonymous_0)
FNDA:7,(anonymous_1)
FNDA:7,(anonymous_2)
FNDA:7,(anonymous_3)
FNDA:3,(anonymous_4)
FNDA:7,(anonymous_5)
FNDA:7,(anonymous_6)
FNDA:7,(anonymous_7)
DA:11,3
DA:12,8
DA:13,8
DA:14,8
DA:15,7
DA:16,7
DA:17,7
DA:18,7
DA:20,7
DA:21,7
DA:22,7
DA:23,7
DA:24,7
DA:26,3
DA:29,7
DA:32,7
DA:33,7
DA:34,3
DA:35,3
DA:36,3
DA:41,2
DA:43,1
DA:44,1
DA:45,1
DA:47,1
DA:49,3
DA:52,7
DA:53,7
DA:54,1
DA:55,1
DA:56,6
DA:57,3
DA:61,7
DA:62,7
DA:78,7
DA:79,7
DA:91,7
DA:92,7
DA:107,7
DA:123,3
LF:40
LH:40
BRDA:44,0,0,1
BRDA:44,0,1,0
BRDA:52,1,0,7
BRDA:52,1,1,4
BRDA:53,2,0,1
BRDA:53,2,1,6
BRDA:53,3,0,7
BRDA:53,3,1,4
BRDA:56,4,0,3
BRDA:56,4,1,3
BRDA:95,5,0,7
BRDA:95,5,1,1
BRF:12
BRH:11
end_of_record
TN:
SF:src/screens/home/index.js
FN:19,(anonymous_0)
FN:27,(anonymous_1)
FN:31,(anonymous_2)
FN:34,(anonymous_3)
FN:40,(anonymous_4)
FN:47,(anonymous_5)
FN:73,(anonymous_6)
FN:76,(anonymous_7)
FN:79,(anonymous_8)
FNF:9
FNH:9
FNDA:9,(anonymous_0)
FNDA:6,(anonymous_1)
FNDA:4,(anonymous_2)
FNDA:3,(anonymous_3)
FNDA:1,(anonymous_4)
FNDA:6,(anonymous_5)
FNDA:1,(anonymous_6)
FNDA:1,(anonymous_7)
FNDA:1,(anonymous_8)
DA:19,3
DA:20,9
DA:21,9
DA:22,8
DA:23,8
DA:25,8
DA:27,8
DA:28,6
DA:31,8
DA:32,4
DA:33,4
DA:35,3
DA:36,3
DA:37,2
DA:38,2
DA:41,1
DA:47,8
DA:48,6
DA:49,3
DA:51,3
DA:53,3
DA:57,3
DA:61,3
DA:64,3
DA:65,2
DA:66,1
DA:68,1
DA:73,8
DA:74,1
DA:76,8
DA:77,1
DA:79,8
DA:80,1
DA:82,8
DA:112,3
LF:35
LH:35
BRDA:48,0,0,3
BRDA:48,0,1,3
BRDA:57,1,0,3
BRDA:57,1,1,0
BRDA:58,2,0,3
BRDA:58,2,1,3
BRDA:65,3,0,1
BRDA:65,3,1,1
BRF:8
BRH:7
end_of_record
TN:
SF:src/services/index.js
FN:5,(anonymous_0)
FN:9,(anonymous_1)
FN:18,(anonymous_2)
FN:29,(anonymous_3)
FN:43,(anonymous_4)
FNF:5
FNH:5
FNDA:7,(anonymous_0)
FNDA:3,(anonymous_1)
FNDA:3,(anonymous_2)
FNDA:3,(anonymous_3)
FNDA:3,(anonymous_4)
DA:5,4
DA:6,7
DA:7,7
DA:8,3
DA:9,3
DA:10,3
DA:12,3
DA:14,2
DA:18,4
DA:19,3
DA:20,3
DA:23,2
DA:24,2
DA:26,2
DA:27,1
DA:29,2
DA:30,3
DA:31,3
DA:37,2
DA:39,1
DA:43,4
DA:44,3
DA:45,3
DA:48,2
DA:50,1
LF:25
LH:25
BRDA:26,0,0,1
BRDA:26,0,1,1
BRDA:30,1,0,1
BRDA:30,1,1,2
BRDA:33,2,0,1
BRDA:33,2,1,2
BRF:6
BRH:6
end_of_record
TN:
SF:src/theme/colors.js
FNF:0
FNH:0
LF:0
LH:0
BRF:0
BRH:0
end_of_record
TN:
SF:src/theme/commonStyles.js
FNF:0
FNH:0
LF:0
LH:0
BRF:0
BRH:0
end_of_record
TN:
SF:src/theme/index.js
FNF:0
FNH:0
LF:0
LH:0
BRF:0
BRH:0
end_of_record
TN:
SF:src/utils/index.js
FN:3,(anonymous_0)
FN:4,(anonymous_1)
FN:5,(anonymous_2)
FNF:3
FNH:3
FNDA:39,(anonymous_0)
FNDA:6,(anonymous_1)
FNDA:12,(anonymous_2)
DA:3,39
DA:4,6
DA:5,4
DA:6,12
LF:4
LH:4
BRF:0
BRH:0
end_of_record
